<?xml version="1.0" encoding="UTF-8"?>
<!-- Generated by org.testng.reporters.JUnitReportReporter -->
<testsuite hostname="G8PRW7S2E" failures="0" tests="1" name="com.Email.Validations.login" time="198.092" errors="0" timestamp="2021-05-29T15:08:47 IST" skipped="0">
  <testcase classname="com.Email.Validations.login" name="login_to_email_account" time="198.092"/>
  <system-out/>
</testsuite> <!-- com.Email.Validations.login -->
